[Mon, 02 Mar 2015 21:23:45 +0000] [/data/19/3/121/138/3773138/user/4192991/htdocs/wp-content/cache/tmp/.htaccess =. .htaccess] Empty host.
[Mon, 02 Mar 2015 21:23:45 +0000] [/data/19/3/121/138/3773138/user/4192991/htdocs/wp-content/cache/tmp/.htaccess =. .htaccess] Empty host.
[Mon, 02 Mar 2015 21:32:45 +0000] [/data/19/3/121/138/3773138/user/4192991/htdocs/wp-content/cache/tmp/.htaccess =. .htaccess] Empty host.
[Mon, 02 Mar 2015 21:45:41 +0000] [/data/19/3/121/138/3773138/user/4192991/htdocs/wp-content/cache/tmp/.htaccess =. .htaccess] Empty host.
[Mon, 02 Mar 2015 21:45:41 +0000] [/data/19/3/121/138/3773138/user/4192991/htdocs/wp-content/cache/tmp/.htaccess =. .htaccess] Empty host.
[Mon, 02 Mar 2015 21:47:41 +0000] [/data/19/3/121/138/3773138/user/4192991/htdocs/wp-content/cache/tmp/.htaccess =. .htaccess] Empty host.
[Mon, 02 Mar 2015 21:48:16 +0000] [/data/19/3/121/138/3773138/user/4192991/htdocs/wp-content/uploads/2014/11/1271066105pH150M-300x287.jpg =. wp-content/uploads/2014/11/1271066105pH150M-300x287.jpg] Empty host.
[Mon, 02 Mar 2015 21:48:16 +0000] [/data/19/3/121/138/3773138/user/4192991/htdocs/wp-content/uploads/2014/11/1271066105pH150M-300x287-150x150.jpg =. wp-content/uploads/2014/11/1271066105pH150M-300x287-150x150.jpg] Empty host.
[Mon, 02 Mar 2015 21:48:16 +0000] [/data/19/3/121/138/3773138/user/4192991/htdocs/wp-content/uploads/2014/11/1271066105pH150M-300x287-90x90.jpg =. wp-content/uploads/2014/11/1271066105pH150M-300x287-90x90.jpg] Empty host.
[Mon, 02 Mar 2015 21:48:16 +0000] [/data/19/3/121/138/3773138/user/4192991/htdocs/wp-content/uploads/2014/11/1271066105pH150M-300x287-150x150.jpg =. wp-content/uploads/2014/11/1271066105pH150M-300x287-150x150.jpg] Empty host.
[Mon, 02 Mar 2015 21:48:16 +0000] [/data/19/3/121/138/3773138/user/4192991/htdocs/wp-content/uploads/2014/11/1271066105pH150M-300x287-200x150.jpg =. wp-content/uploads/2014/11/1271066105pH150M-300x287-200x150.jpg] Empty host.
[Mon, 02 Mar 2015 21:48:16 +0000] [/data/19/3/121/138/3773138/user/4192991/htdocs/wp-content/uploads/2014/11/090a5c827bf786126f0b755ef637bb4b_11.jpg =. wp-content/uploads/2014/11/090a5c827bf786126f0b755ef637bb4b_11.jpg] Empty host.
[Mon, 02 Mar 2015 21:48:16 +0000] [/data/19/3/121/138/3773138/user/4192991/htdocs/wp-content/uploads/2014/11/090a5c827bf786126f0b755ef637bb4b_11-150x150.jpg =. wp-content/uploads/2014/11/090a5c827bf786126f0b755ef637bb4b_11-150x150.jpg] Empty host.
[Mon, 02 Mar 2015 21:48:16 +0000] [/data/19/3/121/138/3773138/user/4192991/htdocs/wp-content/uploads/2014/11/090a5c827bf786126f0b755ef637bb4b_11-300x241.jpg =. wp-content/uploads/2014/11/090a5c827bf786126f0b755ef637bb4b_11-300x241.jpg] Empty host.
[Mon, 02 Mar 2015 21:48:16 +0000] [/data/19/3/121/138/3773138/user/4192991/htdocs/wp-content/uploads/2014/11/090a5c827bf786126f0b755ef637bb4b_11-90x90.jpg =. wp-content/uploads/2014/11/090a5c827bf786126f0b755ef637bb4b_11-90x90.jpg] Empty host.
[Mon, 02 Mar 2015 21:48:16 +0000] [/data/19/3/121/138/3773138/user/4192991/htdocs/wp-content/uploads/2014/11/090a5c827bf786126f0b755ef637bb4b_11-150x150.jpg =. wp-content/uploads/2014/11/090a5c827bf786126f0b755ef637bb4b_11-150x150.jpg] Empty host.
[Mon, 02 Mar 2015 21:48:16 +0000] [/data/19/3/121/138/3773138/user/4192991/htdocs/wp-content/uploads/2014/11/090a5c827bf786126f0b755ef637bb4b_11-300x300.jpg =. wp-content/uploads/2014/11/090a5c827bf786126f0b755ef637bb4b_11-300x300.jpg] Empty host.
[Mon, 02 Mar 2015 21:48:16 +0000] [/data/19/3/121/138/3773138/user/4192991/htdocs/wp-content/uploads/2014/11/090a5c827bf786126f0b755ef637bb4b_11-200x150.jpg =. wp-content/uploads/2014/11/090a5c827bf786126f0b755ef637bb4b_11-200x150.jpg] Empty host.
[Mon, 02 Mar 2015 21:48:16 +0000] [/data/19/3/121/138/3773138/user/4192991/htdocs/wp-content/uploads/2014/11/090a5c827bf786126f0b755ef637bb4b_11-600x523.jpg =. wp-content/uploads/2014/11/090a5c827bf786126f0b755ef637bb4b_11-600x523.jpg] Empty host.
[Mon, 02 Mar 2015 21:48:16 +0000] [/data/19/3/121/138/3773138/user/4192991/htdocs/wp-content/uploads/2014/11/party-hat2.jpg =. wp-content/uploads/2014/11/party-hat2.jpg] Empty host.
[Mon, 02 Mar 2015 21:48:16 +0000] [/data/19/3/121/138/3773138/user/4192991/htdocs/wp-content/uploads/2014/11/party-hat2-150x150.jpg =. wp-content/uploads/2014/11/party-hat2-150x150.jpg] Empty host.
[Mon, 02 Mar 2015 21:48:16 +0000] [/data/19/3/121/138/3773138/user/4192991/htdocs/wp-content/uploads/2014/11/party-hat2-300x236.jpg =. wp-content/uploads/2014/11/party-hat2-300x236.jpg] Empty host.
[Mon, 02 Mar 2015 21:48:16 +0000] [/data/19/3/121/138/3773138/user/4192991/htdocs/wp-content/uploads/2014/11/party-hat2-90x90.jpg =. wp-content/uploads/2014/11/party-hat2-90x90.jpg] Empty host.
[Mon, 02 Mar 2015 21:48:16 +0000] [/data/19/3/121/138/3773138/user/4192991/htdocs/wp-content/uploads/2014/11/party-hat2-150x150.jpg =. wp-content/uploads/2014/11/party-hat2-150x150.jpg] Empty host.
[Mon, 02 Mar 2015 21:48:16 +0000] [/data/19/3/121/138/3773138/user/4192991/htdocs/wp-content/uploads/2014/11/party-hat2-300x300.jpg =. wp-content/uploads/2014/11/party-hat2-300x300.jpg] Empty host.
[Mon, 02 Mar 2015 21:48:16 +0000] [/data/19/3/121/138/3773138/user/4192991/htdocs/wp-content/uploads/2014/11/party-hat2-200x150.jpg =. wp-content/uploads/2014/11/party-hat2-200x150.jpg] Empty host.
[Mon, 02 Mar 2015 21:48:16 +0000] [/data/19/3/121/138/3773138/user/4192991/htdocs/wp-content/uploads/2014/11/party-hat2-600x591.jpg =. wp-content/uploads/2014/11/party-hat2-600x591.jpg] Empty host.
[Mon, 02 Mar 2015 21:48:16 +0000] [/data/19/3/121/138/3773138/user/4192991/htdocs/wp-content/uploads/2014/11/Happy-Birthday.jpg =. wp-content/uploads/2014/11/Happy-Birthday.jpg] Empty host.
[Mon, 02 Mar 2015 21:48:16 +0000] [/data/19/3/121/138/3773138/user/4192991/htdocs/wp-content/uploads/2014/11/Happy-Birthday-150x150.jpg =. wp-content/uploads/2014/11/Happy-Birthday-150x150.jpg] Empty host.
[Mon, 02 Mar 2015 21:48:16 +0000] [/data/19/3/121/138/3773138/user/4192991/htdocs/wp-content/uploads/2014/11/Happy-Birthday-257x300.jpg =. wp-content/uploads/2014/11/Happy-Birthday-257x300.jpg] Empty host.
[Mon, 02 Mar 2015 21:48:16 +0000] [/data/19/3/121/138/3773138/user/4192991/htdocs/wp-content/uploads/2014/11/Happy-Birthday-90x90.jpg =. wp-content/uploads/2014/11/Happy-Birthday-90x90.jpg] Empty host.
[Mon, 02 Mar 2015 21:48:16 +0000] [/data/19/3/121/138/3773138/user/4192991/htdocs/wp-content/uploads/2014/11/Happy-Birthday-150x150.jpg =. wp-content/uploads/2014/11/Happy-Birthday-150x150.jpg] Empty host.
[Mon, 02 Mar 2015 21:48:16 +0000] [/data/19/3/121/138/3773138/user/4192991/htdocs/wp-content/uploads/2014/11/Happy-Birthday-300x300.jpg =. wp-content/uploads/2014/11/Happy-Birthday-300x300.jpg] Empty host.
[Mon, 02 Mar 2015 21:48:16 +0000] [/data/19/3/121/138/3773138/user/4192991/htdocs/wp-content/uploads/2014/11/Happy-Birthday-200x150.jpg =. wp-content/uploads/2014/11/Happy-Birthday-200x150.jpg] Empty host.
[Mon, 02 Mar 2015 21:48:16 +0000] [/data/19/3/121/138/3773138/user/4192991/htdocs/wp-content/uploads/2014/11/Balloon-Boquet-Gift-Set.jpg =. wp-content/uploads/2014/11/Balloon-Boquet-Gift-Set.jpg] Empty host.
[Mon, 02 Mar 2015 21:48:16 +0000] [/data/19/3/121/138/3773138/user/4192991/htdocs/wp-content/uploads/2014/11/Balloon-Boquet-Gift-Set-150x150.jpg =. wp-content/uploads/2014/11/Balloon-Boquet-Gift-Set-150x150.jpg] Empty host.
[Mon, 02 Mar 2015 21:48:16 +0000] [/data/19/3/121/138/3773138/user/4192991/htdocs/wp-content/uploads/2014/11/Balloon-Boquet-Gift-Set-300x300.jpg =. wp-content/uploads/2014/11/Balloon-Boquet-Gift-Set-300x300.jpg] Empty host.
[Mon, 02 Mar 2015 21:48:16 +0000] [/data/19/3/121/138/3773138/user/4192991/htdocs/wp-content/uploads/2014/11/Balloon-Boquet-Gift-Set-90x90.jpg =. wp-content/uploads/2014/11/Balloon-Boquet-Gift-Set-90x90.jpg] Empty host.
[Mon, 02 Mar 2015 21:48:16 +0000] [/data/19/3/121/138/3773138/user/4192991/htdocs/wp-content/uploads/2014/11/Balloon-Boquet-Gift-Set-150x150.jpg =. wp-content/uploads/2014/11/Balloon-Boquet-Gift-Set-150x150.jpg] Empty host.
[Mon, 02 Mar 2015 21:48:16 +0000] [/data/19/3/121/138/3773138/user/4192991/htdocs/wp-content/uploads/2014/11/Balloon-Boquet-Gift-Set-300x300.jpg =. wp-content/uploads/2014/11/Balloon-Boquet-Gift-Set-300x300.jpg] Empty host.
[Mon, 02 Mar 2015 21:48:16 +0000] [/data/19/3/121/138/3773138/user/4192991/htdocs/wp-content/uploads/2014/11/Balloon-Boquet-Gift-Set-200x150.jpg =. wp-content/uploads/2014/11/Balloon-Boquet-Gift-Set-200x150.jpg] Empty host.
[Mon, 02 Mar 2015 21:48:16 +0000] [/data/19/3/121/138/3773138/user/4192991/htdocs/wp-content/uploads/2014/11/t2ec16f_zee9s3_h9pbqsbbw6qog_60_1.jpg =. wp-content/uploads/2014/11/t2ec16f_zee9s3_h9pbqsbbw6qog_60_1.jpg] Empty host.
[Mon, 02 Mar 2015 21:48:16 +0000] [/data/19/3/121/138/3773138/user/4192991/htdocs/wp-content/uploads/2014/11/t2ec16f_zee9s3_h9pbqsbbw6qog_60_1-150x150.jpg =. wp-content/uploads/2014/11/t2ec16f_zee9s3_h9pbqsbbw6qog_60_1-150x150.jpg] Empty host.
[Mon, 02 Mar 2015 21:48:16 +0000] [/data/19/3/121/138/3773138/user/4192991/htdocs/wp-content/uploads/2014/11/t2ec16f_zee9s3_h9pbqsbbw6qog_60_1-300x300.jpg =. wp-content/uploads/2014/11/t2ec16f_zee9s3_h9pbqsbbw6qog_60_1-300x300.jpg] Empty host.
[Mon, 02 Mar 2015 21:48:16 +0000] [/data/19/3/121/138/3773138/user/4192991/htdocs/wp-content/uploads/2014/11/t2ec16f_zee9s3_h9pbqsbbw6qog_60_1-90x90.jpg =. wp-content/uploads/2014/11/t2ec16f_zee9s3_h9pbqsbbw6qog_60_1-90x90.jpg] Empty host.
[Mon, 02 Mar 2015 21:48:16 +0000] [/data/19/3/121/138/3773138/user/4192991/htdocs/wp-content/uploads/2014/11/t2ec16f_zee9s3_h9pbqsbbw6qog_60_1-150x150.jpg =. wp-content/uploads/2014/11/t2ec16f_zee9s3_h9pbqsbbw6qog_60_1-150x150.jpg] Empty host.
[Mon, 02 Mar 2015 21:48:16 +0000] [/data/19/3/121/138/3773138/user/4192991/htdocs/wp-content/uploads/2014/11/t2ec16f_zee9s3_h9pbqsbbw6qog_60_1-300x300.jpg =. wp-content/uploads/2014/11/t2ec16f_zee9s3_h9pbqsbbw6qog_60_1-300x300.jpg] Empty host.
[Mon, 02 Mar 2015 21:48:16 +0000] [/data/19/3/121/138/3773138/user/4192991/htdocs/wp-content/uploads/2014/11/t2ec16f_zee9s3_h9pbqsbbw6qog_60_1-200x150.jpg =. wp-content/uploads/2014/11/t2ec16f_zee9s3_h9pbqsbbw6qog_60_1-200x150.jpg] Empty host.
[Mon, 02 Mar 2015 21:48:16 +0000] [/data/19/3/121/138/3773138/user/4192991/htdocs/wp-content/uploads/2014/11/t2ec16f_zee9s3_h9pbqsbbw6qog_60_1-600x600.jpg =. wp-content/uploads/2014/11/t2ec16f_zee9s3_h9pbqsbbw6qog_60_1-600x600.jpg] Empty host.
[Mon, 02 Mar 2015 21:48:16 +0000] [/data/19/3/121/138/3773138/user/4192991/htdocs/wp-content/uploads/2014/11/mother-s-day-balloon-in-a-box-622-p.jpg =. wp-content/uploads/2014/11/mother-s-day-balloon-in-a-box-622-p.jpg] Empty host.
[Mon, 02 Mar 2015 21:48:16 +0000] [/data/19/3/121/138/3773138/user/4192991/htdocs/wp-content/uploads/2014/11/mother-s-day-balloon-in-a-box-622-p-150x150.jpg =. wp-content/uploads/2014/11/mother-s-day-balloon-in-a-box-622-p-150x150.jpg] Empty host.
[Mon, 02 Mar 2015 21:48:16 +0000] [/data/19/3/121/138/3773138/user/4192991/htdocs/wp-content/uploads/2014/11/mother-s-day-balloon-in-a-box-622-p-300x300.jpg =. wp-content/uploads/2014/11/mother-s-day-balloon-in-a-box-622-p-300x300.jpg] Empty host.
[Mon, 02 Mar 2015 21:48:16 +0000] [/data/19/3/121/138/3773138/user/4192991/htdocs/wp-content/uploads/2014/11/mother-s-day-balloon-in-a-box-622-p-90x90.jpg =. wp-content/uploads/2014/11/mother-s-day-balloon-in-a-box-622-p-90x90.jpg] Empty host.
[Mon, 02 Mar 2015 21:48:16 +0000] [/data/19/3/121/138/3773138/user/4192991/htdocs/wp-content/uploads/2014/11/mother-s-day-balloon-in-a-box-622-p-150x150.jpg =. wp-content/uploads/2014/11/mother-s-day-balloon-in-a-box-622-p-150x150.jpg] Empty host.
[Mon, 02 Mar 2015 21:48:16 +0000] [/data/19/3/121/138/3773138/user/4192991/htdocs/wp-content/uploads/2014/11/mother-s-day-balloon-in-a-box-622-p-300x300.jpg =. wp-content/uploads/2014/11/mother-s-day-balloon-in-a-box-622-p-300x300.jpg] Empty host.
[Mon, 02 Mar 2015 21:48:16 +0000] [/data/19/3/121/138/3773138/user/4192991/htdocs/wp-content/uploads/2014/11/mother-s-day-balloon-in-a-box-622-p-200x150.jpg =. wp-content/uploads/2014/11/mother-s-day-balloon-in-a-box-622-p-200x150.jpg] Empty host.
[Mon, 02 Mar 2015 21:48:16 +0000] [/data/19/3/121/138/3773138/user/4192991/htdocs/wp-content/uploads/2014/11/1-530x288.jpg =. wp-content/uploads/2014/11/1-530x288.jpg] Empty host.
[Mon, 02 Mar 2015 21:48:16 +0000] [/data/19/3/121/138/3773138/user/4192991/htdocs/wp-content/uploads/2014/11/1-530x288-150x150.jpg =. wp-content/uploads/2014/11/1-530x288-150x150.jpg] Empty host.
[Mon, 02 Mar 2015 21:48:16 +0000] [/data/19/3/121/138/3773138/user/4192991/htdocs/wp-content/uploads/2014/11/1-530x288-300x163.jpg =. wp-content/uploads/2014/11/1-530x288-300x163.jpg] Empty host.
[Mon, 02 Mar 2015 21:48:16 +0000] [/data/19/3/121/138/3773138/user/4192991/htdocs/wp-content/uploads/2014/11/1-530x288-90x90.jpg =. wp-content/uploads/2014/11/1-530x288-90x90.jpg] Empty host.
[Mon, 02 Mar 2015 21:48:16 +0000] [/data/19/3/121/138/3773138/user/4192991/htdocs/wp-content/uploads/2014/11/1-530x288-150x150.jpg =. wp-content/uploads/2014/11/1-530x288-150x150.jpg] Empty host.
[Mon, 02 Mar 2015 21:48:16 +0000] [/data/19/3/121/138/3773138/user/4192991/htdocs/wp-content/uploads/2014/11/1-530x288-300x288.jpg =. wp-content/uploads/2014/11/1-530x288-300x288.jpg] Empty host.
[Mon, 02 Mar 2015 21:48:16 +0000] [/data/19/3/121/138/3773138/user/4192991/htdocs/wp-content/uploads/2014/11/1-530x288-200x150.jpg =. wp-content/uploads/2014/11/1-530x288-200x150.jpg] Empty host.
[Mon, 02 Mar 2015 21:48:16 +0000] [/data/19/3/121/138/3773138/user/4192991/htdocs/wp-content/uploads/2014/11/hen-party-superstore-accessories.jpg =. wp-content/uploads/2014/11/hen-party-superstore-accessories.jpg] Empty host.
[Mon, 02 Mar 2015 21:48:16 +0000] [/data/19/3/121/138/3773138/user/4192991/htdocs/wp-content/uploads/2014/11/hen-party-superstore-accessories-150x150.jpg =. wp-content/uploads/2014/11/hen-party-superstore-accessories-150x150.jpg] Empty host.
[Mon, 02 Mar 2015 21:48:16 +0000] [/data/19/3/121/138/3773138/user/4192991/htdocs/wp-content/uploads/2014/11/hen-party-superstore-accessories-300x300.jpg =. wp-content/uploads/2014/11/hen-party-superstore-accessories-300x300.jpg] Empty host.
[Mon, 02 Mar 2015 21:48:16 +0000] [/data/19/3/121/138/3773138/user/4192991/htdocs/wp-content/uploads/2014/11/hen-party-superstore-accessories-90x90.jpg =. wp-content/uploads/2014/11/hen-party-superstore-accessories-90x90.jpg] Empty host.
[Mon, 02 Mar 2015 21:48:16 +0000] [/data/19/3/121/138/3773138/user/4192991/htdocs/wp-content/uploads/2014/11/hen-party-superstore-accessories-150x150.jpg =. wp-content/uploads/2014/11/hen-party-superstore-accessories-150x150.jpg] Empty host.
[Mon, 02 Mar 2015 21:48:16 +0000] [/data/19/3/121/138/3773138/user/4192991/htdocs/wp-content/uploads/2014/11/hen-party-superstore-accessories-300x300.jpg =. wp-content/uploads/2014/11/hen-party-superstore-accessories-300x300.jpg] Empty host.
[Mon, 02 Mar 2015 21:48:16 +0000] [/data/19/3/121/138/3773138/user/4192991/htdocs/wp-content/uploads/2014/11/hen-party-superstore-accessories-200x150.jpg =. wp-content/uploads/2014/11/hen-party-superstore-accessories-200x150.jpg] Empty host.
[Mon, 02 Mar 2015 21:48:16 +0000] [/data/19/3/121/138/3773138/user/4192991/htdocs/wp-content/uploads/2014/11/1413358782-Halloween1.jpg =. wp-content/uploads/2014/11/1413358782-Halloween1.jpg] Empty host.
[Mon, 02 Mar 2015 21:48:16 +0000] [/data/19/3/121/138/3773138/user/4192991/htdocs/wp-content/uploads/2014/11/1413358782-Halloween1-150x150.jpg =. wp-content/uploads/2014/11/1413358782-Halloween1-150x150.jpg] Empty host.
[Mon, 02 Mar 2015 21:48:16 +0000] [/data/19/3/121/138/3773138/user/4192991/htdocs/wp-content/uploads/2014/11/1413358782-Halloween1-300x266.jpg =. wp-content/uploads/2014/11/1413358782-Halloween1-300x266.jpg] Empty host.
[Mon, 02 Mar 2015 21:48:16 +0000] [/data/19/3/121/138/3773138/user/4192991/htdocs/wp-content/uploads/2014/11/1413358782-Halloween1-90x90.jpg =. wp-content/uploads/2014/11/1413358782-Halloween1-90x90.jpg] Empty host.
[Mon, 02 Mar 2015 21:48:16 +0000] [/data/19/3/121/138/3773138/user/4192991/htdocs/wp-content/uploads/2014/11/1413358782-Halloween1-150x150.jpg =. wp-content/uploads/2014/11/1413358782-Halloween1-150x150.jpg] Empty host.
[Mon, 02 Mar 2015 21:48:16 +0000] [/data/19/3/121/138/3773138/user/4192991/htdocs/wp-content/uploads/2014/11/1413358782-Halloween1-300x300.jpg =. wp-content/uploads/2014/11/1413358782-Halloween1-300x300.jpg] Empty host.
[Mon, 02 Mar 2015 21:48:16 +0000] [/data/19/3/121/138/3773138/user/4192991/htdocs/wp-content/uploads/2014/11/1413358782-Halloween1-200x150.jpg =. wp-content/uploads/2014/11/1413358782-Halloween1-200x150.jpg] Empty host.
[Mon, 02 Mar 2015 21:48:16 +0000] [/data/19/3/121/138/3773138/user/4192991/htdocs/wp-content/uploads/2014/11/Happy-fathers-day1.jpg =. wp-content/uploads/2014/11/Happy-fathers-day1.jpg] Empty host.
[Mon, 02 Mar 2015 21:48:16 +0000] [/data/19/3/121/138/3773138/user/4192991/htdocs/wp-content/uploads/2014/11/Happy-fathers-day1-150x150.jpg =. wp-content/uploads/2014/11/Happy-fathers-day1-150x150.jpg] Empty host.
[Mon, 02 Mar 2015 21:48:16 +0000] [/data/19/3/121/138/3773138/user/4192991/htdocs/wp-content/uploads/2014/11/Happy-fathers-day1-300x199.jpg =. wp-content/uploads/2014/11/Happy-fathers-day1-300x199.jpg] Empty host.
[Mon, 02 Mar 2015 21:48:16 +0000] [/data/19/3/121/138/3773138/user/4192991/htdocs/wp-content/uploads/2014/11/Happy-fathers-day1-90x90.jpg =. wp-content/uploads/2014/11/Happy-fathers-day1-90x90.jpg] Empty host.
[Mon, 02 Mar 2015 21:48:16 +0000] [/data/19/3/121/138/3773138/user/4192991/htdocs/wp-content/uploads/2014/11/Happy-fathers-day1-150x150.jpg =. wp-content/uploads/2014/11/Happy-fathers-day1-150x150.jpg] Empty host.
[Mon, 02 Mar 2015 21:48:16 +0000] [/data/19/3/121/138/3773138/user/4192991/htdocs/wp-content/uploads/2014/11/Happy-fathers-day1-300x282.jpg =. wp-content/uploads/2014/11/Happy-fathers-day1-300x282.jpg] Empty host.
[Mon, 02 Mar 2015 21:48:16 +0000] [/data/19/3/121/138/3773138/user/4192991/htdocs/wp-content/uploads/2014/11/Happy-fathers-day1-200x150.jpg =. wp-content/uploads/2014/11/Happy-fathers-day1-200x150.jpg] Empty host.
[Mon, 02 Mar 2015 21:48:16 +0000] [/data/19/3/121/138/3773138/user/4192991/htdocs/wp-content/uploads/2014/11/images.jpeg =. wp-content/uploads/2014/11/images.jpeg] Empty host.
[Mon, 02 Mar 2015 21:48:16 +0000] [/data/19/3/121/138/3773138/user/4192991/htdocs/wp-content/uploads/2014/11/images-150x150.jpeg =. wp-content/uploads/2014/11/images-150x150.jpeg] Empty host.
[Mon, 02 Mar 2015 21:48:16 +0000] [/data/19/3/121/138/3773138/user/4192991/htdocs/wp-content/uploads/2014/11/images-90x90.jpeg =. wp-content/uploads/2014/11/images-90x90.jpeg] Empty host.
[Mon, 02 Mar 2015 21:48:16 +0000] [/data/19/3/121/138/3773138/user/4192991/htdocs/wp-content/uploads/2014/11/images-150x150.jpeg =. wp-content/uploads/2014/11/images-150x150.jpeg] Empty host.
[Mon, 02 Mar 2015 21:48:16 +0000] [/data/19/3/121/138/3773138/user/4192991/htdocs/wp-content/uploads/2014/11/images-200x150.jpeg =. wp-content/uploads/2014/11/images-200x150.jpeg] Empty host.
[Mon, 02 Mar 2015 21:48:16 +0000] [/data/19/3/121/138/3773138/user/4192991/htdocs/wp-content/uploads/2014/11/mothers-day.jpeg =. wp-content/uploads/2014/11/mothers-day.jpeg] Empty host.
[Mon, 02 Mar 2015 21:48:16 +0000] [/data/19/3/121/138/3773138/user/4192991/htdocs/wp-content/uploads/2014/11/mothers-day-150x150.jpeg =. wp-content/uploads/2014/11/mothers-day-150x150.jpeg] Empty host.
[Mon, 02 Mar 2015 21:48:16 +0000] [/data/19/3/121/138/3773138/user/4192991/htdocs/wp-content/uploads/2014/11/mothers-day-90x90.jpeg =. wp-content/uploads/2014/11/mothers-day-90x90.jpeg] Empty host.
[Mon, 02 Mar 2015 21:48:16 +0000] [/data/19/3/121/138/3773138/user/4192991/htdocs/wp-content/uploads/2014/11/mothers-day-150x150.jpeg =. wp-content/uploads/2014/11/mothers-day-150x150.jpeg] Empty host.
[Mon, 02 Mar 2015 21:48:16 +0000] [/data/19/3/121/138/3773138/user/4192991/htdocs/wp-content/uploads/2014/11/mothers-day-200x150.jpeg =. wp-content/uploads/2014/11/mothers-day-200x150.jpeg] Empty host.
[Mon, 02 Mar 2015 21:48:16 +0000] [/data/19/3/121/138/3773138/user/4192991/htdocs/wp-content/uploads/2014/11/stpatric-day.jpeg =. wp-content/uploads/2014/11/stpatric-day.jpeg] Empty host.
[Mon, 02 Mar 2015 21:48:16 +0000] [/data/19/3/121/138/3773138/user/4192991/htdocs/wp-content/uploads/2014/11/stpatric-day-150x150.jpeg =. wp-content/uploads/2014/11/stpatric-day-150x150.jpeg] Empty host.
[Mon, 02 Mar 2015 21:48:16 +0000] [/data/19/3/121/138/3773138/user/4192991/htdocs/wp-content/uploads/2014/11/stpatric-day-90x90.jpeg =. wp-content/uploads/2014/11/stpatric-day-90x90.jpeg] Empty host.
[Mon, 02 Mar 2015 21:48:16 +0000] [/data/19/3/121/138/3773138/user/4192991/htdocs/wp-content/uploads/2014/11/stpatric-day-150x150.jpeg =. wp-content/uploads/2014/11/stpatric-day-150x150.jpeg] Empty host.
[Mon, 02 Mar 2015 21:48:16 +0000] [/data/19/3/121/138/3773138/user/4192991/htdocs/wp-content/uploads/2014/11/stpatric-day-200x150.jpeg =. wp-content/uploads/2014/11/stpatric-day-200x150.jpeg] Empty host.
[Mon, 02 Mar 2015 21:48:16 +0000] [/data/19/3/121/138/3773138/user/4192991/htdocs/wp-content/uploads/2014/11/Happy-Anniversary.jpg =. wp-content/uploads/2014/11/Happy-Anniversary.jpg] Empty host.
[Mon, 02 Mar 2015 21:48:16 +0000] [/data/19/3/121/138/3773138/user/4192991/htdocs/wp-content/uploads/2014/11/Happy-Anniversary-150x150.jpg =. wp-content/uploads/2014/11/Happy-Anniversary-150x150.jpg] Empty host.
[Mon, 02 Mar 2015 21:48:16 +0000] [/data/19/3/121/138/3773138/user/4192991/htdocs/wp-content/uploads/2014/11/Happy-Anniversary-300x291.jpg =. wp-content/uploads/2014/11/Happy-Anniversary-300x291.jpg] Empty host.
[Mon, 02 Mar 2015 21:48:16 +0000] [/data/19/3/121/138/3773138/user/4192991/htdocs/wp-content/uploads/2014/11/Happy-Anniversary-90x90.jpg =. wp-content/uploads/2014/11/Happy-Anniversary-90x90.jpg] Empty host.
[Mon, 02 Mar 2015 21:48:16 +0000] [/data/19/3/121/138/3773138/user/4192991/htdocs/wp-content/uploads/2014/11/Happy-Anniversary-150x150.jpg =. wp-content/uploads/2014/11/Happy-Anniversary-150x150.jpg] Empty host.
[Mon, 02 Mar 2015 21:48:16 +0000] [/data/19/3/121/138/3773138/user/4192991/htdocs/wp-content/uploads/2014/11/Happy-Anniversary-300x300.jpg =. wp-content/uploads/2014/11/Happy-Anniversary-300x300.jpg] Empty host.
[Mon, 02 Mar 2015 21:48:16 +0000] [/data/19/3/121/138/3773138/user/4192991/htdocs/wp-content/uploads/2014/11/Happy-Anniversary-200x150.jpg =. wp-content/uploads/2014/11/Happy-Anniversary-200x150.jpg] Empty host.
[Mon, 02 Mar 2015 21:48:16 +0000] [/data/19/3/121/138/3773138/user/4192991/htdocs/wp-content/uploads/2014/11/index.jpeg =. wp-content/uploads/2014/11/index.jpeg] Empty host.
[Mon, 02 Mar 2015 21:48:16 +0000] [/data/19/3/121/138/3773138/user/4192991/htdocs/wp-content/uploads/2014/11/index-150x150.jpeg =. wp-content/uploads/2014/11/index-150x150.jpeg] Empty host.
[Mon, 02 Mar 2015 21:48:16 +0000] [/data/19/3/121/138/3773138/user/4192991/htdocs/wp-content/uploads/2014/11/index-90x90.jpeg =. wp-content/uploads/2014/11/index-90x90.jpeg] Empty host.
[Mon, 02 Mar 2015 21:48:16 +0000] [/data/19/3/121/138/3773138/user/4192991/htdocs/wp-content/uploads/2014/11/index-150x150.jpeg =. wp-content/uploads/2014/11/index-150x150.jpeg] Empty host.
[Mon, 02 Mar 2015 21:48:16 +0000] [/data/19/3/121/138/3773138/user/4192991/htdocs/wp-content/uploads/2014/11/index-200x150.jpeg =. wp-content/uploads/2014/11/index-200x150.jpeg] Empty host.
[Mon, 02 Mar 2015 21:48:16 +0000] [/data/19/3/121/138/3773138/user/4192991/htdocs/wp-content/uploads/2014/11/boys-birthday-party-ideas-boys.jpg =. wp-content/uploads/2014/11/boys-birthday-party-ideas-boys.jpg] Empty host.
[Mon, 02 Mar 2015 21:48:16 +0000] [/data/19/3/121/138/3773138/user/4192991/htdocs/wp-content/uploads/2014/11/boys-birthday-party-ideas-boys-150x150.jpg =. wp-content/uploads/2014/11/boys-birthday-party-ideas-boys-150x150.jpg] Empty host.
[Mon, 02 Mar 2015 21:48:16 +0000] [/data/19/3/121/138/3773138/user/4192991/htdocs/wp-content/uploads/2014/11/boys-birthday-party-ideas-boys-300x214.jpg =. wp-content/uploads/2014/11/boys-birthday-party-ideas-boys-300x214.jpg] Empty host.
[Mon, 02 Mar 2015 21:48:16 +0000] [/data/19/3/121/138/3773138/user/4192991/htdocs/wp-content/uploads/2014/11/boys-birthday-party-ideas-boys-90x90.jpg =. wp-content/uploads/2014/11/boys-birthday-party-ideas-boys-90x90.jpg] Empty host.
[Mon, 02 Mar 2015 21:48:16 +0000] [/data/19/3/121/138/3773138/user/4192991/htdocs/wp-content/uploads/2014/11/boys-birthday-party-ideas-boys-150x150.jpg =. wp-content/uploads/2014/11/boys-birthday-party-ideas-boys-150x150.jpg] Empty host.
[Mon, 02 Mar 2015 21:48:16 +0000] [/data/19/3/121/138/3773138/user/4192991/htdocs/wp-content/uploads/2014/11/boys-birthday-party-ideas-boys-300x293.jpg =. wp-content/uploads/2014/11/boys-birthday-party-ideas-boys-300x293.jpg] Empty host.
[Mon, 02 Mar 2015 21:48:16 +0000] [/data/19/3/121/138/3773138/user/4192991/htdocs/wp-content/uploads/2014/11/boys-birthday-party-ideas-boys-200x150.jpg =. wp-content/uploads/2014/11/boys-birthday-party-ideas-boys-200x150.jpg] Empty host.
[Mon, 02 Mar 2015 21:48:16 +0000] [/data/19/3/121/138/3773138/user/4192991/htdocs/wp-content/uploads/2014/11/birthday-girl-party-plates-rng8.jpg =. wp-content/uploads/2014/11/birthday-girl-party-plates-rng8.jpg] Empty host.
[Mon, 02 Mar 2015 21:48:16 +0000] [/data/19/3/121/138/3773138/user/4192991/htdocs/wp-content/uploads/2014/11/birthday-girl-party-plates-rng8-150x150.jpg =. wp-content/uploads/2014/11/birthday-girl-party-plates-rng8-150x150.jpg] Empty host.
[Mon, 02 Mar 2015 21:48:16 +0000] [/data/19/3/121/138/3773138/user/4192991/htdocs/wp-content/uploads/2014/11/birthday-girl-party-plates-rng8-300x300.jpg =. wp-content/uploads/2014/11/birthday-girl-party-plates-rng8-300x300.jpg] Empty host.
[Mon, 02 Mar 2015 21:48:16 +0000] [/data/19/3/121/138/3773138/user/4192991/htdocs/wp-content/uploads/2014/11/birthday-girl-party-plates-rng8-90x90.jpg =. wp-content/uploads/2014/11/birthday-girl-party-plates-rng8-90x90.jpg] Empty host.
[Mon, 02 Mar 2015 21:48:16 +0000] [/data/19/3/121/138/3773138/user/4192991/htdocs/wp-content/uploads/2014/11/birthday-girl-party-plates-rng8-150x150.jpg =. wp-content/uploads/2014/11/birthday-girl-party-plates-rng8-150x150.jpg] Empty host.
[Mon, 02 Mar 2015 21:48:16 +0000] [/data/19/3/121/138/3773138/user/4192991/htdocs/wp-content/uploads/2014/11/birthday-girl-party-plates-rng8-300x300.jpg =. wp-content/uploads/2014/11/birthday-girl-party-plates-rng8-300x300.jpg] Empty host.
[Mon, 02 Mar 2015 21:48:16 +0000] [/data/19/3/121/138/3773138/user/4192991/htdocs/wp-content/uploads/2014/11/birthday-girl-party-plates-rng8-200x150.jpg =. wp-content/uploads/2014/11/birthday-girl-party-plates-rng8-200x150.jpg] Empty host.
[Mon, 02 Mar 2015 21:48:16 +0000] [/data/19/3/121/138/3773138/user/4192991/htdocs/wp-content/uploads/2014/11/birthday-girl-party-plates-rng8-600x600.jpg =. wp-content/uploads/2014/11/birthday-girl-party-plates-rng8-600x600.jpg] Empty host.
[Mon, 02 Mar 2015 21:48:16 +0000] [/data/19/3/121/138/3773138/user/4192991/htdocs/wp-content/uploads/2014/11/christmas.jpeg =. wp-content/uploads/2014/11/christmas.jpeg] Empty host.
[Mon, 02 Mar 2015 21:48:16 +0000] [/data/19/3/121/138/3773138/user/4192991/htdocs/wp-content/uploads/2014/11/christmas-150x150.jpeg =. wp-content/uploads/2014/11/christmas-150x150.jpeg] Empty host.
[Mon, 02 Mar 2015 21:48:16 +0000] [/data/19/3/121/138/3773138/user/4192991/htdocs/wp-content/uploads/2014/11/christmas-90x90.jpeg =. wp-content/uploads/2014/11/christmas-90x90.jpeg] Empty host.
[Mon, 02 Mar 2015 21:48:16 +0000] [/data/19/3/121/138/3773138/user/4192991/htdocs/wp-content/uploads/2014/11/christmas-150x150.jpeg =. wp-content/uploads/2014/11/christmas-150x150.jpeg] Empty host.
[Mon, 02 Mar 2015 21:48:16 +0000] [/data/19/3/121/138/3773138/user/4192991/htdocs/wp-content/uploads/2014/11/christmas-200x150.jpeg =. wp-content/uploads/2014/11/christmas-200x150.jpeg] Empty host.
[Mon, 02 Mar 2015 21:48:16 +0000] [/data/19/3/121/138/3773138/user/4192991/htdocs/wp-content/uploads/2014/11/Happy-New-Year.png =. wp-content/uploads/2014/11/Happy-New-Year.png] Empty host.
[Mon, 02 Mar 2015 21:48:16 +0000] [/data/19/3/121/138/3773138/user/4192991/htdocs/wp-content/uploads/2014/11/Happy-New-Year-150x150.png =. wp-content/uploads/2014/11/Happy-New-Year-150x150.png] Empty host.
[Mon, 02 Mar 2015 21:48:16 +0000] [/data/19/3/121/138/3773138/user/4192991/htdocs/wp-content/uploads/2014/11/Happy-New-Year-278x300.png =. wp-content/uploads/2014/11/Happy-New-Year-278x300.png] Empty host.
[Mon, 02 Mar 2015 21:48:16 +0000] [/data/19/3/121/138/3773138/user/4192991/htdocs/wp-content/uploads/2014/11/Happy-New-Year-90x90.png =. wp-content/uploads/2014/11/Happy-New-Year-90x90.png] Empty host.
[Mon, 02 Mar 2015 21:48:16 +0000] [/data/19/3/121/138/3773138/user/4192991/htdocs/wp-content/uploads/2014/11/Happy-New-Year-150x150.png =. wp-content/uploads/2014/11/Happy-New-Year-150x150.png] Empty host.
[Mon, 02 Mar 2015 21:48:16 +0000] [/data/19/3/121/138/3773138/user/4192991/htdocs/wp-content/uploads/2014/11/Happy-New-Year-300x300.png =. wp-content/uploads/2014/11/Happy-New-Year-300x300.png] Empty host.
[Mon, 02 Mar 2015 21:48:16 +0000] [/data/19/3/121/138/3773138/user/4192991/htdocs/wp-content/uploads/2014/11/Happy-New-Year-200x150.png =. wp-content/uploads/2014/11/Happy-New-Year-200x150.png] Empty host.
[Mon, 02 Mar 2015 21:48:16 +0000] [/data/19/3/121/138/3773138/user/4192991/htdocs/wp-content/uploads/2014/11/party-maker.jpeg =. wp-content/uploads/2014/11/party-maker.jpeg] Empty host.
[Mon, 02 Mar 2015 21:48:16 +0000] [/data/19/3/121/138/3773138/user/4192991/htdocs/wp-content/uploads/2014/11/party-maker-150x150.jpeg =. wp-content/uploads/2014/11/party-maker-150x150.jpeg] Empty host.
[Mon, 02 Mar 2015 21:48:16 +0000] [/data/19/3/121/138/3773138/user/4192991/htdocs/wp-content/uploads/2014/11/party-maker-90x90.jpeg =. wp-content/uploads/2014/11/party-maker-90x90.jpeg] Empty host.
[Mon, 02 Mar 2015 21:48:16 +0000] [/data/19/3/121/138/3773138/user/4192991/htdocs/wp-content/uploads/2014/11/party-maker-150x150.jpeg =. wp-content/uploads/2014/11/party-maker-150x150.jpeg] Empty host.
[Mon, 02 Mar 2015 21:48:16 +0000] [/data/19/3/121/138/3773138/user/4192991/htdocs/wp-content/uploads/2014/11/party-maker-200x150.jpeg =. wp-content/uploads/2014/11/party-maker-200x150.jpeg] Empty host.
[Mon, 02 Mar 2015 21:48:16 +0000] [/data/19/3/121/138/3773138/user/4192991/htdocs/wp-content/uploads/2014/11/400_F_54126502_vnfyvRxFAD1eZBVlFpjwRuP8QExeAR0w1.jpg =. wp-content/uploads/2014/11/400_F_54126502_vnfyvRxFAD1eZBVlFpjwRuP8QExeAR0w1.jpg] Empty host.
[Mon, 02 Mar 2015 21:48:16 +0000] [/data/19/3/121/138/3773138/user/4192991/htdocs/wp-content/uploads/2014/11/400_F_54126502_vnfyvRxFAD1eZBVlFpjwRuP8QExeAR0w1-150x150.jpg =. wp-content/uploads/2014/11/400_F_54126502_vnfyvRxFAD1eZBVlFpjwRuP8QExeAR0w1-150x150.jpg] Empty host.
[Mon, 02 Mar 2015 21:48:16 +0000] [/data/19/3/121/138/3773138/user/4192991/htdocs/wp-content/uploads/2014/11/400_F_54126502_vnfyvRxFAD1eZBVlFpjwRuP8QExeAR0w1-300x300.jpg =. wp-content/uploads/2014/11/400_F_54126502_vnfyvRxFAD1eZBVlFpjwRuP8QExeAR0w1-300x300.jpg] Empty host.
[Mon, 02 Mar 2015 21:48:16 +0000] [/data/19/3/121/138/3773138/user/4192991/htdocs/wp-content/uploads/2014/11/400_F_54126502_vnfyvRxFAD1eZBVlFpjwRuP8QExeAR0w1-90x90.jpg =. wp-content/uploads/2014/11/400_F_54126502_vnfyvRxFAD1eZBVlFpjwRuP8QExeAR0w1-90x90.jpg] Empty host.
[Mon, 02 Mar 2015 21:48:16 +0000] [/data/19/3/121/138/3773138/user/4192991/htdocs/wp-content/uploads/2014/11/400_F_54126502_vnfyvRxFAD1eZBVlFpjwRuP8QExeAR0w1-150x150.jpg =. wp-content/uploads/2014/11/400_F_54126502_vnfyvRxFAD1eZBVlFpjwRuP8QExeAR0w1-150x150.jpg] Empty host.
[Mon, 02 Mar 2015 21:48:16 +0000] [/data/19/3/121/138/3773138/user/4192991/htdocs/wp-content/uploads/2014/11/400_F_54126502_vnfyvRxFAD1eZBVlFpjwRuP8QExeAR0w1-300x300.jpg =. wp-content/uploads/2014/11/400_F_54126502_vnfyvRxFAD1eZBVlFpjwRuP8QExeAR0w1-300x300.jpg] Empty host.
[Mon, 02 Mar 2015 21:48:16 +0000] [/data/19/3/121/138/3773138/user/4192991/htdocs/wp-content/uploads/2014/11/400_F_54126502_vnfyvRxFAD1eZBVlFpjwRuP8QExeAR0w1-200x150.jpg =. wp-content/uploads/2014/11/400_F_54126502_vnfyvRxFAD1eZBVlFpjwRuP8QExeAR0w1-200x150.jpg] Empty host.
[Mon, 02 Mar 2015 21:48:16 +0000] [/data/19/3/121/138/3773138/user/4192991/htdocs/wp-content/uploads/2014/11/foil-number.jpg =. wp-content/uploads/2014/11/foil-number.jpg] Empty host.
[Mon, 02 Mar 2015 21:48:16 +0000] [/data/19/3/121/138/3773138/user/4192991/htdocs/wp-content/uploads/2014/11/foil-number-150x150.jpg =. wp-content/uploads/2014/11/foil-number-150x150.jpg] Empty host.
[Mon, 02 Mar 2015 21:48:16 +0000] [/data/19/3/121/138/3773138/user/4192991/htdocs/wp-content/uploads/2014/11/foil-number-300x300.jpg =. wp-content/uploads/2014/11/foil-number-300x300.jpg] Empty host.
[Mon, 02 Mar 2015 21:48:16 +0000] [/data/19/3/121/138/3773138/user/4192991/htdocs/wp-content/uploads/2014/11/foil-number-90x90.jpg =. wp-content/uploads/2014/11/foil-number-90x90.jpg] Empty host.
[Mon, 02 Mar 2015 21:48:16 +0000] [/data/19/3/121/138/3773138/user/4192991/htdocs/wp-content/uploads/2014/11/foil-number-150x150.jpg =. wp-content/uploads/2014/11/foil-number-150x150.jpg] Empty host.
[Mon, 02 Mar 2015 21:48:16 +0000] [/data/19/3/121/138/3773138/user/4192991/htdocs/wp-content/uploads/2014/11/foil-number-300x300.jpg =. wp-content/uploads/2014/11/foil-number-300x300.jpg] Empty host.
[Mon, 02 Mar 2015 21:48:16 +0000] [/data/19/3/121/138/3773138/user/4192991/htdocs/wp-content/uploads/2014/11/foil-number-200x150.jpg =. wp-content/uploads/2014/11/foil-number-200x150.jpg] Empty host.
[Mon, 02 Mar 2015 21:48:16 +0000] [/data/19/3/121/138/3773138/user/4192991/htdocs/wp-content/uploads/2014/11/foil-number-600x600.jpg =. wp-content/uploads/2014/11/foil-number-600x600.jpg] Empty host.
[Mon, 02 Mar 2015 21:48:16 +0000] [/data/19/3/121/138/3773138/user/4192991/htdocs/wp-content/uploads/2014/11/foil-letter.jpg =. wp-content/uploads/2014/11/foil-letter.jpg] Empty host.
[Mon, 02 Mar 2015 21:48:16 +0000] [/data/19/3/121/138/3773138/user/4192991/htdocs/wp-content/uploads/2014/11/foil-letter-150x150.jpg =. wp-content/uploads/2014/11/foil-letter-150x150.jpg] Empty host.
[Mon, 02 Mar 2015 21:48:16 +0000] [/data/19/3/121/138/3773138/user/4192991/htdocs/wp-content/uploads/2014/11/foil-letter-255x300.jpg =. wp-content/uploads/2014/11/foil-letter-255x300.jpg] Empty host.
[Mon, 02 Mar 2015 21:48:16 +0000] [/data/19/3/121/138/3773138/user/4192991/htdocs/wp-content/uploads/2014/11/foil-letter-90x90.jpg =. wp-content/uploads/2014/11/foil-letter-90x90.jpg] Empty host.
[Mon, 02 Mar 2015 21:48:16 +0000] [/data/19/3/121/138/3773138/user/4192991/htdocs/wp-content/uploads/2014/11/foil-letter-150x150.jpg =. wp-content/uploads/2014/11/foil-letter-150x150.jpg] Empty host.
[Mon, 02 Mar 2015 21:48:16 +0000] [/data/19/3/121/138/3773138/user/4192991/htdocs/wp-content/uploads/2014/11/foil-letter-300x300.jpg =. wp-content/uploads/2014/11/foil-letter-300x300.jpg] Empty host.
[Mon, 02 Mar 2015 21:48:16 +0000] [/data/19/3/121/138/3773138/user/4192991/htdocs/wp-content/uploads/2014/11/foil-letter-200x150.jpg =. wp-content/uploads/2014/11/foil-letter-200x150.jpg] Empty host.
[Mon, 02 Mar 2015 21:48:16 +0000] [/data/19/3/121/138/3773138/user/4192991/htdocs/wp-content/uploads/2014/11/birthdayboyjpg.jpg =. wp-content/uploads/2014/11/birthdayboyjpg.jpg] Empty host.
[Mon, 02 Mar 2015 21:48:16 +0000] [/data/19/3/121/138/3773138/user/4192991/htdocs/wp-content/uploads/2014/11/birthdayboyjpg-150x150.jpg =. wp-content/uploads/2014/11/birthdayboyjpg-150x150.jpg] Empty host.
[Mon, 02 Mar 2015 21:48:16 +0000] [/data/19/3/121/138/3773138/user/4192991/htdocs/wp-content/uploads/2014/11/birthdayboyjpg-300x244.jpg =. wp-content/uploads/2014/11/birthdayboyjpg-300x244.jpg] Empty host.
[Mon, 02 Mar 2015 21:48:16 +0000] [/data/19/3/121/138/3773138/user/4192991/htdocs/wp-content/uploads/2014/11/birthdayboyjpg-90x90.jpg =. wp-content/uploads/2014/11/birthdayboyjpg-90x90.jpg] Empty host.
[Mon, 02 Mar 2015 21:48:16 +0000] [/data/19/3/121/138/3773138/user/4192991/htdocs/wp-content/uploads/2014/11/birthdayboyjpg-150x150.jpg =. wp-content/uploads/2014/11/birthdayboyjpg-150x150.jpg] Empty host.
[Mon, 02 Mar 2015 21:48:16 +0000] [/data/19/3/121/138/3773138/user/4192991/htdocs/wp-content/uploads/2014/11/birthdayboyjpg-300x300.jpg =. wp-content/uploads/2014/11/birthdayboyjpg-300x300.jpg] Empty host.
[Mon, 02 Mar 2015 21:48:16 +0000] [/data/19/3/121/138/3773138/user/4192991/htdocs/wp-content/uploads/2014/11/birthdayboyjpg-200x150.jpg =. wp-content/uploads/2014/11/birthdayboyjpg-200x150.jpg] Empty host.
[Mon, 02 Mar 2015 21:48:16 +0000] [/data/19/3/121/138/3773138/user/4192991/htdocs/wp-content/uploads/2014/11/birthdayboyjpg-600x600.jpg =. wp-content/uploads/2014/11/birthdayboyjpg-600x600.jpg] Empty host.
[Tue, 03 Mar 2015 22:39:44 +0000] [/data/19/3/121/138/3773138/user/4192991/htdocs/wp-content/cache/tmp/.htaccess =. .htaccess] Empty host.
[Tue, 03 Mar 2015 22:39:44 +0000] [/data/19/3/121/138/3773138/user/4192991/htdocs/wp-content/cache/tmp/.htaccess =. .htaccess] Empty host.
[Thu, 05 Mar 2015 22:30:20 +0000] [all =. all] OK
[Fri, 06 Mar 2015 00:54:48 +0000] [all =. all] OK
[Fri, 06 Mar 2015 01:05:26 +0000] [all =. all] OK
[Fri, 06 Mar 2015 20:34:24 +0000] [all =. all] OK
[Fri, 06 Mar 2015 20:34:37 +0000] [all =. all] OK
[Fri, 06 Mar 2015 21:30:51 +0000] [all =. all] OK
[Fri, 06 Mar 2015 21:36:14 +0000] [ =. ] No zones match site: http://www.localpartyshop.com.
[Fri, 06 Mar 2015 21:36:20 +0000] [/data/19/3/121/138/3773138/user/4192991/htdocs/wp-content/uploads/2015/03/6731_3.jpg =. wp-content/uploads/2015/03/6731_3.jpg] OK
[Fri, 06 Mar 2015 21:37:23 +0000] [all =. all] OK
[Fri, 06 Mar 2015 22:13:21 +0000] [all =. all] OK
[Fri, 06 Mar 2015 22:13:21 +0000] [all =. all] OK
[Fri, 06 Mar 2015 22:14:21 +0000] [all =. all] OK
[Mon, 09 Mar 2015 18:42:55 +0000] [all =. all] OK
[Sat, 14 Mar 2015 20:23:29 +0000] [all =. all] OK
[Sat, 14 Mar 2015 21:06:26 +0000] [all =. all] OK
[Sat, 14 Mar 2015 21:12:21 +0000] [all =. all] OK
[Sat, 14 Mar 2015 21:19:09 +0000] [all =. all] OK
[Sat, 14 Mar 2015 21:25:10 +0000] [all =. all] OK
[Sat, 14 Mar 2015 21:41:10 +0000] [all =. all] OK
[Sun, 15 Mar 2015 09:09:53 +0000] [all =. all] OK
[Sun, 15 Mar 2015 09:40:03 +0000] [all =. all] OK
[Sun, 15 Mar 2015 09:54:48 +0000] [all =. all] OK
[Sun, 15 Mar 2015 10:06:17 +0000] [all =. all] OK
[Sun, 15 Mar 2015 10:12:26 +0000] [all =. all] OK
[Sun, 15 Mar 2015 10:17:34 +0000] [all =. all] OK
[Sun, 15 Mar 2015 10:37:19 +0000] [all =. all] OK
[Sun, 15 Mar 2015 10:50:24 +0000] [all =. all] OK
[Sun, 15 Mar 2015 11:19:41 +0000] [all =. all] OK
[Sun, 15 Mar 2015 11:26:32 +0000] [all =. all] OK
[Sun, 15 Mar 2015 11:29:02 +0000] [all =. all] OK
[Sun, 15 Mar 2015 11:31:15 +0000] [all =. all] OK
[Sun, 15 Mar 2015 11:40:06 +0000] [all =. all] OK
[Sun, 15 Mar 2015 11:40:13 +0000] [all =. all] OK
[Sun, 15 Mar 2015 11:40:26 +0000] [all =. all] OK
[Sun, 15 Mar 2015 11:47:17 +0000] [all =. all] OK
[Sun, 15 Mar 2015 13:06:45 +0000] [all =. all] OK
[Sun, 15 Mar 2015 13:06:52 +0000] [all =. all] OK
[Sun, 15 Mar 2015 14:23:00 +0000] [all =. all] OK
[Sun, 15 Mar 2015 19:25:13 +0000] [all =. all] OK
[Sun, 15 Mar 2015 19:33:34 +0000] [all =. all] OK
[Sun, 15 Mar 2015 19:33:39 +0000] [all =. all] OK
[Sun, 15 Mar 2015 20:11:55 +0000] [all =. all] OK
[Sun, 15 Mar 2015 20:12:04 +0000] [all =. all] OK
[Sun, 15 Mar 2015 20:12:07 +0000] [all =. all] OK
[Sun, 15 Mar 2015 20:18:09 +0000] [all =. all] OK
[Sun, 15 Mar 2015 20:28:50 +0000] [all =. all] OK
[Sun, 15 Mar 2015 20:38:19 +0000] [all =. all] OK
[Sun, 15 Mar 2015 20:54:31 +0000] [all =. all] OK
[Sun, 15 Mar 2015 20:59:19 +0000] [all =. all] OK
[Sun, 15 Mar 2015 20:59:57 +0000] [all =. all] OK
[Sun, 15 Mar 2015 21:13:00 +0000] [all =. all] OK
[Sun, 15 Mar 2015 21:22:31 +0000] [all =. all] OK
[Sun, 15 Mar 2015 21:27:08 +0000] [all =. all] OK
[Sun, 15 Mar 2015 22:10:06 +0000] [all =. all] OK
[Mon, 16 Mar 2015 20:06:46 +0000] [all =. all] OK
[Mon, 16 Mar 2015 20:12:42 +0000] [all =. all] OK
[Mon, 16 Mar 2015 20:18:13 +0000] [all =. all] OK
[Mon, 16 Mar 2015 20:28:59 +0000] [all =. all] OK
[Mon, 16 Mar 2015 20:40:04 +0000] [all =. all] OK
[Mon, 16 Mar 2015 20:45:07 +0000] [all =. all] OK
[Mon, 16 Mar 2015 20:56:26 +0000] [all =. all] OK
[Mon, 16 Mar 2015 21:05:24 +0000] [all =. all] OK
[Mon, 16 Mar 2015 21:12:39 +0000] [all =. all] OK
[Mon, 16 Mar 2015 21:56:24 +0000] [all =. all] OK
[Mon, 16 Mar 2015 22:00:54 +0000] [all =. all] OK
[Mon, 16 Mar 2015 22:09:35 +0000] [all =. all] OK
[Thu, 19 Mar 2015 19:15:47 +0000] [all =. all] OK
[Thu, 19 Mar 2015 22:10:11 +0000] [all =. all] OK
[Thu, 19 Mar 2015 22:23:20 +0000] [all =. all] OK
[Thu, 19 Mar 2015 22:35:40 +0000] [all =. all] OK
[Thu, 19 Mar 2015 22:59:38 +0000] [all =. all] OK
[Fri, 20 Mar 2015 14:26:28 +0000] [all =. all] OK
[Fri, 20 Mar 2015 19:43:14 +0000] [all =. all] OK
[Fri, 20 Mar 2015 19:43:25 +0000] [all =. all] OK
[Fri, 20 Mar 2015 20:02:16 +0000] [all =. all] OK
[Fri, 20 Mar 2015 20:29:23 +0000] [all =. all] OK
[Fri, 20 Mar 2015 21:27:22 +0000] [all =. all] OK
[Fri, 20 Mar 2015 21:51:03 +0000] [all =. all] OK
[Fri, 20 Mar 2015 22:05:39 +0000] [all =. all] OK
[Fri, 20 Mar 2015 22:05:54 +0000] [all =. all] OK
[Fri, 20 Mar 2015 22:10:50 +0000] [all =. all] OK
[Fri, 20 Mar 2015 22:16:56 +0000] [all =. all] OK
[Fri, 20 Mar 2015 22:29:53 +0000] [all =. all] OK
[Fri, 20 Mar 2015 22:37:45 +0000] [all =. all] OK
[Fri, 20 Mar 2015 22:37:46 +0000] [all =. all] OK
[Fri, 20 Mar 2015 22:58:08 +0000] [all =. all] OK
[Sat, 21 Mar 2015 09:03:19 +0000] [all =. all] OK
[Sat, 21 Mar 2015 18:20:39 +0000] [all =. all] OK
[Sat, 21 Mar 2015 18:42:24 +0000] [all =. all] OK
[Sat, 21 Mar 2015 19:06:38 +0000] [all =. all] OK
[Sat, 21 Mar 2015 19:09:34 +0000] [all =. all] OK
[Sat, 21 Mar 2015 19:15:24 +0000] [all =. all] OK
[Sat, 21 Mar 2015 19:19:09 +0000] [all =. all] OK
[Sat, 21 Mar 2015 19:39:25 +0000] [all =. all] OK
[Sat, 21 Mar 2015 20:33:54 +0000] [all =. all] OK
[Sat, 21 Mar 2015 20:40:56 +0000] [all =. all] OK
[Sat, 21 Mar 2015 20:49:31 +0000] [all =. all] OK
[Sat, 21 Mar 2015 20:54:23 +0000] [all =. all] OK
[Sat, 21 Mar 2015 20:58:00 +0000] [all =. all] OK
[Sun, 22 Mar 2015 08:56:02 +0000] [all =. all] OK
[Sun, 22 Mar 2015 09:15:32 +0000] [all =. all] OK
[Sun, 22 Mar 2015 09:46:41 +0000] [all =. all] OK
[Sun, 22 Mar 2015 09:55:04 +0000] [all =. all] OK
[Sun, 22 Mar 2015 09:56:51 +0000] [all =. all] OK
[Sun, 22 Mar 2015 10:27:57 +0000] [all =. all] OK
[Sun, 22 Mar 2015 10:49:17 +0000] [all =. all] OK
[Sun, 22 Mar 2015 10:59:40 +0000] [all =. all] OK
[Sun, 22 Mar 2015 11:17:38 +0000] [all =. all] OK
[Sun, 22 Mar 2015 22:11:27 +0000] [all =. all] OK
[Sun, 22 Mar 2015 22:26:26 +0000] [all =. all] OK
[Sun, 22 Mar 2015 22:29:27 +0000] [all =. all] OK
[Sun, 22 Mar 2015 22:31:57 +0000] [all =. all] OK
[Sun, 22 Mar 2015 22:34:19 +0000] [all =. all] OK
[Sun, 22 Mar 2015 22:52:53 +0000] [all =. all] OK
[Sun, 22 Mar 2015 23:10:59 +0000] [all =. all] OK
[Sun, 22 Mar 2015 23:12:41 +0000] [all =. all] OK
[Sun, 22 Mar 2015 23:13:05 +0000] [all =. all] OK
[Tue, 24 Mar 2015 19:18:13 +0000] [all =. all] OK
[Tue, 24 Mar 2015 19:38:24 +0000] [all =. all] OK
[Tue, 24 Mar 2015 21:43:31 +0000] [all =. all] OK
[Tue, 24 Mar 2015 21:57:49 +0000] [all =. all] OK
[Tue, 24 Mar 2015 22:10:05 +0000] [all =. all] OK
[Tue, 24 Mar 2015 22:35:41 +0000] [all =. all] OK
[Tue, 24 Mar 2015 22:41:34 +0000] [all =. all] OK
[Tue, 24 Mar 2015 22:47:51 +0000] [all =. all] OK
[Tue, 24 Mar 2015 22:53:34 +0000] [all =. all] OK
[Tue, 24 Mar 2015 22:55:41 +0000] [all =. all] OK
[Tue, 24 Mar 2015 23:06:29 +0000] [all =. all] OK
[Tue, 24 Mar 2015 23:17:46 +0000] [all =. all] OK
[Tue, 24 Mar 2015 23:39:49 +0000] [all =. all] OK
[Tue, 24 Mar 2015 23:47:49 +0000] [all =. all] OK
[Tue, 24 Mar 2015 23:56:18 +0000] [all =. all] OK
[Tue, 24 Mar 2015 23:59:55 +0000] [all =. all] OK
[Wed, 25 Mar 2015 00:07:34 +0000] [all =. all] OK
[Wed, 25 Mar 2015 00:11:49 +0000] [all =. all] OK
[Wed, 25 Mar 2015 00:34:54 +0000] [all =. all] OK
[Wed, 25 Mar 2015 00:47:43 +0000] [all =. all] OK
[Wed, 25 Mar 2015 00:50:42 +0000] [all =. all] OK
[Wed, 25 Mar 2015 21:06:15 +0000] [all =. all] OK
[Wed, 25 Mar 2015 21:09:02 +0000] [all =. all] OK
[Wed, 25 Mar 2015 21:28:24 +0000] [all =. all] OK
[Wed, 25 Mar 2015 22:47:21 +0000] [all =. all] OK
[Wed, 25 Mar 2015 23:10:38 +0000] [all =. all] OK
[Thu, 26 Mar 2015 18:41:02 +0000] [all =. all] OK
[Thu, 26 Mar 2015 22:48:00 +0000] [all =. all] OK
[Thu, 26 Mar 2015 23:37:01 +0000] [all =. all] OK
[Fri, 27 Mar 2015 18:06:35 +0000] [all =. all] OK
[Fri, 27 Mar 2015 18:20:33 +0000] [all =. all] OK
[Sat, 28 Mar 2015 10:42:19 +0000] [all =. all] OK
[Sat, 28 Mar 2015 11:12:31 +0000] [all =. all] OK
[Sat, 28 Mar 2015 11:23:37 +0000] [all =. all] OK
[Sat, 28 Mar 2015 11:27:53 +0000] [all =. all] OK
[Sat, 28 Mar 2015 11:34:08 +0000] [all =. all] OK
[Sat, 28 Mar 2015 11:39:10 +0000] [all =. all] OK
[Sat, 28 Mar 2015 12:02:58 +0000] [all =. all] OK
[Sat, 28 Mar 2015 12:46:38 +0000] [all =. all] OK
[Sat, 28 Mar 2015 13:53:00 +0000] [all =. all] OK
[Sat, 28 Mar 2015 13:59:16 +0000] [all =. all] OK
[Sat, 28 Mar 2015 14:10:08 +0000] [all =. all] OK
[Sat, 28 Mar 2015 14:13:09 +0000] [all =. all] OK
[Sat, 28 Mar 2015 14:13:48 +0000] [all =. all] OK
[Sat, 28 Mar 2015 14:20:47 +0000] [all =. all] OK
[Sat, 28 Mar 2015 14:22:57 +0000] [all =. all] OK
[Sat, 28 Mar 2015 14:25:21 +0000] [all =. all] OK
[Sat, 28 Mar 2015 17:49:46 +0000] [all =. all] OK
[Sat, 28 Mar 2015 17:54:45 +0000] [all =. all] OK
[Sat, 28 Mar 2015 17:58:43 +0000] [all =. all] OK
[Sat, 28 Mar 2015 18:04:53 +0000] [all =. all] OK
[Sat, 28 Mar 2015 18:19:50 +0000] [all =. all] OK
[Sat, 28 Mar 2015 18:22:29 +0000] [all =. all] OK
[Sat, 28 Mar 2015 18:24:17 +0000] [all =. all] OK
[Sat, 28 Mar 2015 18:31:54 +0000] [all =. all] OK
[Sat, 28 Mar 2015 18:42:33 +0000] [all =. all] OK
[Sat, 28 Mar 2015 18:46:20 +0000] [all =. all] OK
[Sat, 28 Mar 2015 18:48:00 +0000] [all =. all] OK
[Sat, 28 Mar 2015 18:49:32 +0000] [all =. all] OK
[Sat, 28 Mar 2015 18:50:37 +0000] [all =. all] OK
[Sat, 28 Mar 2015 18:55:44 +0000] [all =. all] OK
[Sat, 28 Mar 2015 18:56:31 +0000] [all =. all] OK
[Sat, 28 Mar 2015 19:03:05 +0000] [all =. all] OK
[Sat, 28 Mar 2015 19:20:06 +0000] [all =. all] OK
[Sat, 28 Mar 2015 19:32:46 +0000] [all =. all] OK
[Sun, 29 Mar 2015 12:51:20 +0000] [all =. all] OK
[Sun, 29 Mar 2015 13:10:05 +0000] [all =. all] OK
[Sun, 29 Mar 2015 13:13:16 +0000] [all =. all] OK
[Sun, 29 Mar 2015 20:13:40 +0000] [all =. all] OK
[Sun, 29 Mar 2015 20:30:27 +0000] [all =. all] OK
[Sun, 29 Mar 2015 20:34:53 +0000] [all =. all] OK
[Sun, 29 Mar 2015 21:13:15 +0000] [all =. all] OK
[Mon, 30 Mar 2015 19:58:37 +0000] [all =. all] OK
[Mon, 30 Mar 2015 20:29:38 +0000] [all =. all] OK
[Mon, 30 Mar 2015 20:32:48 +0000] [all =. all] OK
[Mon, 30 Mar 2015 20:37:42 +0000] [all =. all] OK
[Tue, 31 Mar 2015 19:16:25 +0000] [all =. all] OK
[Sat, 04 Apr 2015 08:16:35 +0000] [all =. all] OK
[Sat, 04 Apr 2015 16:15:39 +0000] [all =. all] OK
[Sat, 04 Apr 2015 16:25:01 +0000] [all =. all] OK
[Sat, 04 Apr 2015 17:15:20 +0000] [all =. all] OK
[Sat, 04 Apr 2015 17:25:23 +0000] [all =. all] OK
[Sat, 04 Apr 2015 17:28:26 +0000] [all =. all] OK
[Sat, 04 Apr 2015 17:31:08 +0000] [all =. all] OK
[Sat, 04 Apr 2015 17:34:18 +0000] [all =. all] OK
[Sat, 04 Apr 2015 17:38:10 +0000] [all =. all] OK
[Sat, 04 Apr 2015 17:58:48 +0000] [all =. all] OK
[Sat, 04 Apr 2015 18:09:37 +0000] [all =. all] OK
[Sat, 04 Apr 2015 18:19:20 +0000] [all =. all] OK
[Sun, 05 Apr 2015 09:01:59 +0000] [all =. all] OK
[Sun, 05 Apr 2015 09:20:47 +0000] [all =. all] OK
[Sun, 05 Apr 2015 09:24:15 +0000] [all =. all] OK
[Sun, 05 Apr 2015 09:47:11 +0000] [all =. all] OK
[Sun, 05 Apr 2015 09:52:08 +0000] [all =. all] OK
[Sun, 05 Apr 2015 09:57:40 +0000] [all =. all] OK
[Sun, 05 Apr 2015 10:12:00 +0000] [all =. all] OK
[Sun, 05 Apr 2015 10:21:12 +0000] [all =. all] OK
[Sun, 05 Apr 2015 10:31:24 +0000] [all =. all] OK
[Sun, 05 Apr 2015 10:37:36 +0000] [all =. all] OK
[Sun, 05 Apr 2015 10:50:55 +0000] [all =. all] OK
[Sun, 05 Apr 2015 10:53:56 +0000] [all =. all] OK
[Tue, 07 Apr 2015 21:29:47 +0000] [all =. all] OK
[Wed, 08 Apr 2015 19:44:05 +0000] [all =. all] OK
[Fri, 10 Apr 2015 21:42:23 +0000] [all =. all] OK
[Mon, 13 Apr 2015 18:16:23 +0000] [all =. all] OK
[Mon, 13 Apr 2015 18:29:32 +0000] [all =. all] OK
[Mon, 13 Apr 2015 18:35:51 +0000] [all =. all] OK
[Mon, 13 Apr 2015 18:49:26 +0000] [all =. all] OK
[Mon, 13 Apr 2015 18:57:42 +0000] [all =. all] OK
[Mon, 13 Apr 2015 18:58:42 +0000] [all =. all] OK
[Wed, 15 Apr 2015 18:00:11 +0000] [all =. all] OK
[Wed, 15 Apr 2015 18:03:45 +0000] [all =. all] OK
[Wed, 15 Apr 2015 18:07:50 +0000] [all =. all] OK
[Wed, 15 Apr 2015 19:01:07 +0000] [all =. all] OK
[Wed, 15 Apr 2015 19:29:04 +0000] [all =. all] OK
[Wed, 15 Apr 2015 19:32:59 +0000] [all =. all] OK
[Wed, 15 Apr 2015 19:53:28 +0000] [all =. all] OK
[Wed, 15 Apr 2015 20:02:31 +0000] [all =. all] OK
[Wed, 15 Apr 2015 20:06:45 +0000] [all =. all] OK
[Wed, 15 Apr 2015 20:10:03 +0000] [all =. all] OK
[Sun, 19 Apr 2015 17:34:33 +0000] [all =. all] OK
[Wed, 06 May 2015 21:12:49 +0000] [all =. all] OK
[Thu, 07 May 2015 19:01:57 +0000] [all =. all] OK
[Thu, 07 May 2015 21:48:19 +0000] [all =. all] OK
[Mon, 11 May 2015 20:08:27 +0000] [all =. all] OK
[Wed, 27 May 2015 22:03:24 +0000] [all =. all] OK
[Sat, 30 May 2015 17:24:35 +0000] [all =. all] OK
[Sat, 30 May 2015 17:32:38 +0000] [all =. all] OK
[Sat, 30 May 2015 18:47:15 +0000] [all =. all] OK
[Sat, 30 May 2015 18:56:29 +0000] [all =. all] OK
[Sat, 30 May 2015 19:02:20 +0000] [all =. all] OK
[Sat, 30 May 2015 19:23:23 +0000] [all =. all] OK
[Sat, 30 May 2015 19:27:08 +0000] [all =. all] OK
[Sat, 30 May 2015 19:45:18 +0000] [all =. all] OK
[Sat, 30 May 2015 20:01:47 +0000] [all =. all] OK
[Sat, 30 May 2015 20:02:27 +0000] [all =. all] OK
[Fri, 05 Jun 2015 22:48:28 +0000] [all =. all] OK
[Fri, 05 Jun 2015 22:53:36 +0000] [all =. all] OK
[Fri, 05 Jun 2015 22:53:41 +0000] [all =. all] OK
[Sat, 06 Jun 2015 08:07:05 +0000] [all =. all] OK
[Sat, 06 Jun 2015 08:13:01 +0000] [all =. all] OK
[Sat, 06 Jun 2015 08:15:18 +0000] [all =. all] OK
[Sat, 06 Jun 2015 08:27:25 +0000] [all =. all] OK
[Sat, 06 Jun 2015 08:33:14 +0000] [all =. all] OK
[Tue, 23 Jun 2015 19:02:25 +0000] [all =. all] OK
[Fri, 24 Jul 2015 21:33:44 +0000] [all =. all] OK
[Sat, 25 Jul 2015 12:37:08 +0000] [all =. all] OK
[Sat, 25 Jul 2015 13:01:10 +0000] [all =. all] OK
[Sat, 25 Jul 2015 13:07:25 +0000] [all =. all] OK
[Sat, 25 Jul 2015 13:46:59 +0000] [all =. all] OK
[Sun, 26 Jul 2015 17:09:52 +0000] [all =. all] OK
[Mon, 27 Jul 2015 20:11:09 +0000] [all =. all] OK
[Mon, 27 Jul 2015 20:48:14 +0000] [all =. all] OK
[Tue, 28 Jul 2015 20:19:17 +0000] [all =. all] OK
[Tue, 28 Jul 2015 20:42:58 +0000] [all =. all] OK
[Tue, 28 Jul 2015 20:57:58 +0000] [all =. all] OK
[Tue, 28 Jul 2015 21:40:17 +0000] [all =. all] OK
[Tue, 28 Jul 2015 21:50:06 +0000] [all =. all] OK
[Wed, 29 Jul 2015 19:32:35 +0000] [all =. all] OK
[Wed, 29 Jul 2015 19:33:32 +0000] [all =. all] OK
[Wed, 29 Jul 2015 19:43:31 +0000] [all =. all] OK
[Wed, 29 Jul 2015 20:15:42 +0000] [all =. all] OK
[Wed, 29 Jul 2015 20:30:42 +0000] [all =. all] OK
[Wed, 29 Jul 2015 20:32:09 +0000] [all =. all] OK
[Wed, 29 Jul 2015 20:46:24 +0000] [all =. all] OK
[Wed, 29 Jul 2015 20:47:17 +0000] [all =. all] OK
[Wed, 29 Jul 2015 20:52:33 +0000] [all =. all] OK
[Wed, 29 Jul 2015 20:52:52 +0000] [all =. all] OK
[Wed, 29 Jul 2015 21:05:35 +0000] [all =. all] OK
[Wed, 29 Jul 2015 21:18:20 +0000] [all =. all] OK
[Thu, 30 Jul 2015 19:48:09 +0000] [all =. all] OK
[Sat, 01 Aug 2015 15:43:45 +0000] [all =. all] OK
[Sat, 01 Aug 2015 15:53:36 +0000] [all =. all] OK
[Sat, 01 Aug 2015 18:57:42 +0000] [all =. all] OK
[Sat, 01 Aug 2015 19:06:11 +0000] [all =. all] OK
[Sun, 02 Aug 2015 17:13:27 +0000] [all =. all] OK
[Sun, 02 Aug 2015 20:50:30 +0000] [all =. all] OK
[Sun, 02 Aug 2015 20:56:43 +0000] [all =. all] OK
[Sun, 02 Aug 2015 21:10:59 +0000] [all =. all] OK
[Mon, 03 Aug 2015 16:50:36 +0000] [all =. all] OK
[Mon, 03 Aug 2015 18:11:08 +0000] [all =. all] OK
[Tue, 04 Aug 2015 18:59:21 +0000] [all =. all] OK
[Fri, 07 Aug 2015 19:34:44 +0000] [all =. all] OK
[Fri, 07 Aug 2015 21:57:52 +0000] [all =. all] OK
[Fri, 07 Aug 2015 22:07:58 +0000] [all =. all] OK
[Fri, 07 Aug 2015 23:17:26 +0000] [all =. all] OK
[Sat, 08 Aug 2015 15:49:10 +0000] [all =. all] OK
[Sun, 09 Aug 2015 10:29:04 +0000] [all =. all] OK
[Sun, 09 Aug 2015 12:01:51 +0000] [all =. all] OK
[Sun, 09 Aug 2015 12:02:22 +0000] [all =. all] OK
[Sun, 09 Aug 2015 12:07:00 +0000] [all =. all] OK
[Sun, 09 Aug 2015 15:40:27 +0000] [all =. all] OK
[Sun, 09 Aug 2015 16:15:43 +0000] [all =. all] OK
[Sun, 09 Aug 2015 16:44:32 +0000] [all =. all] OK
[Sun, 09 Aug 2015 16:48:38 +0000] [all =. all] OK
[Sun, 09 Aug 2015 16:52:00 +0000] [all =. all] OK
[Sun, 09 Aug 2015 21:08:16 +0000] [all =. all] OK
[Mon, 10 Aug 2015 19:18:00 +0000] [all =. all] OK
[Mon, 10 Aug 2015 20:36:47 +0000] [all =. all] OK
[Mon, 10 Aug 2015 20:54:52 +0000] [all =. all] OK
[Mon, 10 Aug 2015 21:06:17 +0000] [all =. all] OK
[Mon, 10 Aug 2015 21:22:06 +0000] [all =. all] OK
[Mon, 10 Aug 2015 21:22:14 +0000] [all =. all] OK
[Mon, 10 Aug 2015 21:23:46 +0000] [all =. all] OK
[Mon, 10 Aug 2015 21:33:03 +0000] [all =. all] OK
[Wed, 12 Aug 2015 06:08:20 +0000] [all =. all] OK
[Wed, 12 Aug 2015 13:46:10 +0000] [all =. all] OK
[Wed, 12 Aug 2015 14:17:42 +0000] [all =. all] OK
[Wed, 12 Aug 2015 21:37:18 +0000] [all =. all] OK
[Wed, 12 Aug 2015 21:56:38 +0000] [all =. all] OK
[Wed, 12 Aug 2015 22:58:36 +0000] [all =. all] OK
[Wed, 12 Aug 2015 23:02:18 +0000] [all =. all] OK
[Thu, 13 Aug 2015 20:03:32 +0000] [all =. all] OK
[Thu, 13 Aug 2015 21:32:07 +0000] [all =. all] OK
[Fri, 14 Aug 2015 06:02:15 +0000] [all =. all] OK
[Fri, 14 Aug 2015 06:04:11 +0000] [all =. all] OK
[Fri, 14 Aug 2015 06:04:17 +0000] [all =. all] OK
[Fri, 14 Aug 2015 06:05:29 +0000] [all =. all] OK
[Fri, 14 Aug 2015 21:31:01 +0000] [all =. all] OK
[Fri, 14 Aug 2015 21:37:49 +0000] [all =. all] OK
[Fri, 14 Aug 2015 21:53:44 +0000] [all =. all] OK
[Sat, 15 Aug 2015 14:31:51 +0000] [all =. all] OK
[Mon, 17 Aug 2015 18:03:24 +0000] [all =. all] OK
[Mon, 17 Aug 2015 18:03:45 +0000] [all =. all] OK
[Mon, 17 Aug 2015 18:13:56 +0000] [all =. all] OK
[Mon, 17 Aug 2015 18:15:25 +0000] [all =. all] OK
[Mon, 17 Aug 2015 18:24:47 +0000] [all =. all] OK
[Mon, 17 Aug 2015 18:30:03 +0000] [all =. all] OK
[Mon, 17 Aug 2015 18:57:34 +0000] [all =. all] OK
[Mon, 17 Aug 2015 18:57:42 +0000] [all =. all] OK
[Mon, 17 Aug 2015 20:10:50 +0000] [all =. all] OK
[Thu, 20 Aug 2015 06:22:16 +0000] [all =. all] OK
[Mon, 24 Aug 2015 20:29:48 +0000] [all =. all] OK
[Mon, 24 Aug 2015 21:31:56 +0000] [all =. all] OK
[Tue, 01 Sep 2015 18:13:56 +0000] [all =. all] OK
[Thu, 03 Sep 2015 15:01:01 +0000] [all =. all] OK
[Thu, 03 Sep 2015 15:18:08 +0000] [all =. all] OK
[Thu, 03 Sep 2015 16:47:23 +0000] [all =. all] OK
[Thu, 03 Sep 2015 16:48:02 +0000] [all =. all] OK
[Thu, 03 Sep 2015 17:22:52 +0000] [all =. all] OK
[Thu, 03 Sep 2015 18:00:52 +0000] [all =. all] OK
[Thu, 03 Sep 2015 18:02:38 +0000] [all =. all] OK
[Thu, 03 Sep 2015 18:03:56 +0000] [all =. all] OK
[Thu, 03 Sep 2015 18:13:53 +0000] [all =. all] OK
[Thu, 03 Sep 2015 18:34:51 +0000] [all =. all] OK
[Thu, 03 Sep 2015 18:41:43 +0000] [all =. all] OK
[Fri, 04 Sep 2015 12:23:16 +0000] [all =. all] OK
[Fri, 16 Oct 2015 08:53:41 +0000] [all =. all] OK
[Mon, 19 Oct 2015 18:39:23 +0000] [all =. all] OK
[Sat, 16 Jan 2016 18:37:00 +0000] [all =. all] OK
[Mon, 14 Mar 2016 21:51:03 +0000] [all =. all] OK
[Mon, 14 Mar 2016 21:56:00 +0000] [all =. all] OK
[Mon, 14 Mar 2016 22:00:53 +0000] [all =. all] OK
[Mon, 14 Mar 2016 22:03:45 +0000] [all =. all] OK
